0 info it worked if it ends with ok
1 verbose cli [ '/usr/bin/nodejs',
1 verbose cli   '/home/ruben/Escritorio/PL16-17/primeros-pasos-en-nodejs-erik-jorge-carlos-ruben/node_modules/.bin/npm',
1 verbose cli   'run',
1 verbose cli   'iaas' ]
2 info using npm@2.4.1
3 info using node@v4.2.6
4 verbose run-script [ 'preiaas', 'iaas', 'postiaas' ]
5 info preiaas gitbook-boilerplate@0.0.1
6 info iaas gitbook-boilerplate@0.0.1
7 verbose unsafe-perm in lifecycle true
8 info gitbook-boilerplate@0.0.1 Failed to exec iaas script
9 verbose stack Error: gitbook-boilerplate@0.0.1 iaas: `node scripts/iaas.js`
9 verbose stack Exit status 1
9 verbose stack     at EventEmitter.<anonymous> (/home/ruben/Escritorio/PL16-17/primeros-pasos-en-nodejs-erik-jorge-carlos-ruben/node_modules/npm/lib/utils/lifecycle.js:213:16)
9 verbose stack     at emitTwo (events.js:87:13)
9 verbose stack     at EventEmitter.emit (events.js:172:7)
9 verbose stack     at ChildProcess.<anonymous> (/home/ruben/Escritorio/PL16-17/primeros-pasos-en-nodejs-erik-jorge-carlos-ruben/node_modules/npm/lib/utils/spawn.js:14:12)
9 verbose stack     at emitTwo (events.js:87:13)
9 verbose stack     at ChildProcess.emit (events.js:172:7)
9 verbose stack     at maybeClose (internal/child_process.js:821:16)
9 verbose stack     at Process.ChildProcess._handle.onexit (internal/child_process.js:211:5)
10 verbose pkgid gitbook-boilerplate@0.0.1
11 verbose cwd /home/ruben/Escritorio/PL16-17/primeros-pasos-en-nodejs-erik-jorge-carlos-ruben
12 error Linux 4.4.0-63-generic
13 error argv "/usr/bin/nodejs" "/home/ruben/Escritorio/PL16-17/primeros-pasos-en-nodejs-erik-jorge-carlos-ruben/node_modules/.bin/npm" "run" "iaas"
14 error node v4.2.6
15 error npm  v2.4.1
16 error code ELIFECYCLE
17 error gitbook-boilerplate@0.0.1 iaas: `node scripts/iaas.js`
17 error Exit status 1
18 error Failed at the gitbook-boilerplate@0.0.1 iaas script 'node scripts/iaas.js'.
18 error This is most likely a problem with the gitbook-boilerplate package,
18 error not with npm itself.
18 error Tell the author that this fails on your system:
18 error     node scripts/iaas.js
18 error You can get their info via:
18 error     npm owner ls gitbook-boilerplate
18 error There is likely additional logging output above.
19 verbose exit [ 1, true ]
